2021-06-03 18:59: Initialicing...
2021-06-03 18:59: Checking architecture
2021-06-03 18:59: Windows 64 bit
2021-06-03 18:59: Checking program copy...
2021-06-03 18:59: Copy: Portable.
2021-06-03 18:59: Checking for updates...
2021-06-03 18:59: Website motd: 5
2021-06-03 18:59: actual motd: 4
2021-06-03 19:01: Initialicing...
2021-06-03 19:01: Checking architecture
2021-06-03 19:01: Windows 64 bit
2021-06-03 19:01: Checking program copy...
2021-06-03 19:01: Copy: Portable.
2021-06-03 19:01: Checking for updates...
2021-06-03 19:01: Website motd: 5
2021-06-03 19:01: actual motd: 4
2021-06-03 19:01: Downloading MOTD.
2021-06-03 19:01: Welcome! Saludos angel, Y Bienvenido a MCY downloader, versi贸n 0.8.1 beta
2021-06-03 19:01: Creating multimedia folders:
2021-06-03 19:02: exiting...
2021-06-03 19:03: Initialicing...
2021-06-03 19:03: Checking architecture
2021-06-03 19:03: Windows 64 bit
2021-06-03 19:03: Checking program copy...
2021-06-03 19:03: Copy: Portable.
2021-06-03 19:03: Checking for updates...
2021-06-03 19:03: Website motd: 5
2021-06-03 19:03: actual motd: 5
2021-06-03 19:03: Welcome! Saludos angel, Y Bienvenido a MCY downloader, versi贸n 0.8.1 beta
2021-06-03 19:03: Creating multimedia folders:
2021-06-03 19:03: Function: options
2021-06-03 19:05: Initialicing...
2021-06-03 19:05: Checking architecture
2021-06-03 19:05: Windows 64 bit
2021-06-03 19:05: Checking program copy...
2021-06-03 19:05: Copy: Portable.
2021-06-03 19:05: Checking for updates...
2021-06-03 19:05: Website motd: 5
2021-06-03 19:05: actual motd: 5
2021-06-03 19:05: Welcome! Saludos angel, Y Bienvenido a MCY downloader, versi贸n 0.8.1 beta
2021-06-03 19:05: Creating multimedia folders:
2021-06-03 19:05: Function: options
2021-06-03 19:05: exiting...
2021-06-03 19:06: Initialicing...
2021-06-03 19:06: Checking architecture
2021-06-03 19:06: Windows 64 bit
2021-06-03 19:06: Checking program copy...
2021-06-03 19:06: Copy: Portable.
2021-06-03 19:06: Checking for updates...
2021-06-03 19:06: Website motd: 5
2021-06-03 19:06: actual motd: 5
2021-06-03 19:06: Welcome! Saludos angel, Y Bienvenido a MCY downloader, versi贸n 0.8.1 beta
2021-06-03 19:06: Creating multimedia folders:
2021-06-03 19:06: Function: options
2021-06-03 19:07: exiting...
