2021-06-05 20:32: Initialicing...
2021-06-05 20:32: Checking architecture
2021-06-05 20:32: Windows 64 bit
2021-06-05 20:32: Checking program copy...
2021-06-05 20:32: Copy: Portable.
2021-06-05 20:32: Checking for updates...
2021-06-05 20:32: Website motd: 5
2021-06-05 20:32: actual motd: 5
2021-06-05 20:32: Welcome! Saludos angel, Y Bienvenido a MCY downloader, versión 0.8.1 beta
2021-06-05 20:32: Creating multimedia folders:
2021-06-05 20:32: Downloading Multimedia.
2021-06-05 20:32: Downloading as Mp3
2021-06-05 20:32: Starting process...
2021-06-05 20:32: downloading https://www.youtube.com/watch?v=TnfK3kSQVY8
2021-06-05 20:33: Initialicing...
2021-06-05 20:33: Checking architecture
2021-06-05 20:33: Windows 64 bit
2021-06-05 20:33: Checking program copy...
2021-06-05 20:33: Copy: Portable.
2021-06-05 20:33: Checking for updates...
2021-06-05 20:33: Website motd: 5
2021-06-05 20:33: actual motd: 5
2021-06-05 20:33: Welcome! Saludos angel, Y Bienvenido a MCY downloader, versión 0.8.1 beta
2021-06-05 20:33: Creating multimedia folders:
2021-06-05 20:33: Downloading Multimedia.
2021-06-05 20:33: Downloading as Mp3
2021-06-05 20:33: Starting process...
2021-06-05 20:33: downloading https://www.youtube.com/watch?v=TnfK3kSQVY8
2021-06-05 20:34: video Downloaded. Open Folder=no
2021-06-05 20:34: exiting...
