2021-06-24 14:02: Initialicing...
2021-06-24 14:02: Checking architecture
2021-06-24 14:02: Windows 64 bit
2021-06-24 14:02: Checking program copy...
2021-06-24 14:02: Copy: Portable.
2021-06-24 14:02: Checking for updates...
2021-06-24 14:02: Website motd: 5
2021-06-24 14:02: actual motd: 5
2021-06-24 14:02: Welcome! Saludos angel, Y Bienvenido a MCY downloader, versión 0.8.1 beta
2021-06-24 14:02: Creating multimedia folders:
2021-06-24 14:02: exiting...
2021-06-24 14:04: Initialicing...
2021-06-24 14:04: Checking architecture
2021-06-24 14:04: Windows 64 bit
2021-06-24 14:04: Checking program copy...
2021-06-24 14:04: Copy: Portable.
2021-06-24 14:04: Checking for updates...
2021-06-24 14:04: Website motd: 5
2021-06-24 14:04: actual motd: 5
2021-06-24 14:04: Welcome! Saludos angel, Y Bienvenido a MCY downloader, versión 0.8.1 beta
2021-06-24 14:04: Creating multimedia folders:
2021-06-24 14:04: exiting...
2021-06-24 14:38: Initialicing...
2021-06-24 14:38: Checking architecture
2021-06-24 14:38: Windows 64 bit
2021-06-24 14:38: The program is not compiled. Exiting...
2021-06-24 14:39: The program is not compiled... Exiting.
2021-06-24 14:39: exiting...
2021-06-24 14:39: Initialicing...
2021-06-24 14:39: Checking architecture
2021-06-24 14:39: Windows 64 bit
2021-06-24 14:39: Checking program copy...
2021-06-24 14:39: Copy: Portable.
2021-06-24 14:39: Checking for updates...
2021-06-24 14:40: Website motd: 5
2021-06-24 14:40: actual motd: 5
2021-06-24 14:40: Welcome! Saludos angel, Y Bienvenido a MCY downloader, versión 0.8.1 beta
2021-06-24 14:40: Creating multimedia folders:
2021-06-24 14:40: exiting...
