2021-06-10 16:02: Initialicing...
2021-06-10 16:02: Checking architecture
2021-06-10 16:02: Windows 64 bit
2021-06-10 16:02: Checking program copy...
2021-06-10 16:02: Copy: Portable.
2021-06-10 16:02: Checking for updates...
2021-06-10 16:03: Website motd: 5
2021-06-10 16:03: actual motd: 5
2021-06-10 16:03: Welcome! Saludos angel, Y Bienvenido a MCY downloader, versión 0.8.1 beta
2021-06-10 16:03: Creating multimedia folders:
2021-06-10 16:03: Downloading Multimedia.
2021-06-10 16:03: Downloading as Mp3
2021-06-10 16:03: Starting process...
2021-06-10 16:03: downloading https://www.youtube.com/watch?v=ZBLOJOgIvCE
2021-06-10 16:03: [download]   2.3% of 2.71MiB at  2.85MiB/s ETA 00:00 
2021-06-10 16:03: [download]   4.6% of 2.71MiB at  3.30MiB/s ETA 00:00 [download]   9.2% of 2.71MiB at  3.83MiB/s ETA 00:00 [download]  18.4% of 2.71MiB at  4.06MiB/s ETA 00:00 [download]  36.8% of 2.71MiB at  4.01MiB/s ETA 00:00 
2021-06-10 16:03: [download]  73.7% of 2.71MiB at  4.46MiB/s ETA 00:00 
2021-06-10 16:03: [download] 100.0% of 2.71MiB at  4.54MiB/s ETA 00:00 
2021-06-10 16:03: [download] 100% of 2.71MiB in 00:00                  

2021-06-10 16:03: video Downloaded. Open Folder=no
2021-06-10 16:03: exiting...
