2022-03-30 07:52: Initialicing...
2022-03-30 07:52: Checking architecture
2022-03-30 07:52: Windows 64 bit
2022-03-30 07:52: Checking program copy...
2022-03-30 07:52: Copy: Portable.
2022-03-30 07:52: the user does not want updates
2022-03-30 07:52: Checking multimedia folders:
2022-03-30 07:52: exiting...
2022-03-30 07:52: Initialicing...
2022-03-30 07:52: Checking architecture
2022-03-30 07:52: Windows 64 bit
2022-03-30 07:52: Checking program copy...
2022-03-30 07:52: Copy: Portable.
2022-03-30 07:52: the user does not want updates
2022-03-30 07:52: Checking multimedia folders:
2022-03-30 07:52: exiting...
2022-03-30 07:53: Initialicing...
2022-03-30 07:53: Checking architecture
2022-03-30 07:53: Windows 64 bit
2022-03-30 07:53: Checking program copy...
2022-03-30 07:53: Copy: Portable.
2022-03-30 07:53: Checking for updates...
2022-03-30 07:53: Website motd: 8
2022-03-30 07:53: actual motd: 7
2022-03-30 07:53: Downloading MOTD.
2022-03-30 07:53: disabling hotkeys
