2023-05-21 09:28: Initialicing...
2023-05-21 09:28: Checking architecture
2023-05-21 09:28: Windows 64 bit
2023-05-21 09:28: Checking program copy...
2023-05-21 09:28: Copy: Portable.
2023-05-21 09:28: Checking for updates...
2023-05-21 09:28: Website motd: 8
2023-05-21 09:28: actual motd: 8
2023-05-21 09:28: Checking multimedia folders:
2023-05-21 09:28: exiting...
2023-05-21 09:28: Initialicing...
2023-05-21 09:28: Checking architecture
2023-05-21 09:28: Windows 64 bit
2023-05-21 09:28: Checking program copy...
2023-05-21 09:28: Copy: Portable.
2023-05-21 09:28: Checking for updates...
2023-05-21 09:28: Website motd: 8
2023-05-21 09:28: actual motd: 8
2023-05-21 09:28: Checking multimedia folders:
2023-05-21 09:28: exiting...
